<?xml version="1.0" encoding="UTF-8"?>
<!-- Generated by org.testng.reporters.JUnitXMLReporter -->
<testsuite ignored="0" hostname="LAPTOP-BV3MEJAQ" failures="0" tests="2" name="Highprioritytest" time="0.093" errors="0" timestamp="2022-11-03T14:51:30 IST">
  <testcase classname="TEST.Tetsbase" name="@BeforeMethod login1" time="-1.667467290395E9">
    <failure type="org.testng.TestNGException" message="
Parameter &amp;apos;browserName&amp;apos; is required by BeforeMethod on method login1 but has not been marked @Optional or defined
in C:\Users\pranay basotiya\eclipse-workspace\Maven_testng\Retesting.xml">
      <![CDATA[org.testng.TestNGException: 
Parameter 'browserName' is required by BeforeMethod on method login1 but has not been marked @Optional or defined
in C:\Users\pranay basotiya\eclipse-workspace\Maven_testng\Retesting.xml
at java.base/java.util.concurrent.ThreadPoolExecutor.runWorker(ThreadPoolExecutor.java:1136)
at java.base/java.util.concurrent.ThreadPoolExecutor$Worker.run(ThreadPoolExecutor.java:635)
at java.base/java.lang.Thread.run(Thread.java:833)
... Removed 13 stack frames]]>
    </failure>
  </testcase> <!-- @BeforeMethod login1 -->
  <testcase classname="TEST.Tetsbase" name="@BeforeMethod login1" time="-1.667467290395E9">
    <failure type="org.testng.TestNGException" message="
Parameter &amp;apos;browserName&amp;apos; is required by BeforeMethod on method login1 but has not been marked @Optional or defined
in C:\Users\pranay basotiya\eclipse-workspace\Maven_testng\Retesting.xml">
      <![CDATA[org.testng.TestNGException: 
Parameter 'browserName' is required by BeforeMethod on method login1 but has not been marked @Optional or defined
in C:\Users\pranay basotiya\eclipse-workspace\Maven_testng\Retesting.xml
at java.base/java.util.concurrent.ThreadPoolExecutor.runWorker(ThreadPoolExecutor.java:1136)
at java.base/java.util.concurrent.ThreadPoolExecutor$Worker.run(ThreadPoolExecutor.java:635)
at java.base/java.lang.Thread.run(Thread.java:833)
... Removed 13 stack frames]]>
    </failure>
  </testcase> <!-- @BeforeMethod login1 -->
  <testcase classname="TEST.Tetsbase" name="@AfterMethod Teardown" time="-1.667467290423E9">
    <skipped/>
  </testcase> <!-- @AfterMethod Teardown -->
  <testcase classname="TEST.Tetsbase" name="@AfterMethod Teardown" time="-1.667467290426E9">
    <skipped/>
  </testcase> <!-- @AfterMethod Teardown -->
  <testcase classname="TEST.verifyloginfunctionality" name="login" time="0.0">
    <skipped/>
  </testcase> <!-- login -->
  <testcase classname="TEST.logoutfunction" name="logout" time="0.0">
    <skipped/>
  </testcase> <!-- logout -->
</testsuite> <!-- Highprioritytest -->
